mobile-android/app/build/intermediates/manifest_merge_blame_file/debug/manifest-merger-blame-debug-report.txt
1<?xml version="1.0" encoding="utf-8"?>
2<manifest xmlns:android="http://schemas.android.com/apk/res/android"
3    package="com.agroconnect"
4    android:versionCode="1"
5    android:versionName="1.0.0" >
6
7    <uses-sdk
8        android:minSdkVersion="26"
9        android:targetSdkVersion="34" />
10
11    <uses-permission android:name="android.permission.INTERNET" />
11-->src\main\AndroidManifest.xml:5:5-67
11-->src\main\AndroidManifest.xml:5:22-64
12    <uses-permission android:name="android.permission.ACCESS_NETWORK_STATE" />
12-->src\main\AndroidManifest.xml:6:5-79
12-->src\main\AndroidManifest.xml:6:22-76
13    <uses-permission android:name="android.permission.ACCESS_FINE_LOCATION" />
13-->src\main\AndroidManifest.xml:7:5-79
13-->src\main\AndroidManifest.xml:7:22-76
14    <uses-permission android:name="android.permission.ACCESS_COARSE_LOCATION" />
14-->src\main\AndroidManifest.xml:8:5-81
14-->src\main\AndroidManifest.xml:8:22-78
15    <uses-permission android:name="android.permission.WAKE_LOCK" />
15-->[androidx.work:work-runtime:2.9.0] AndroidManifest.xml:23:5-68
15-->[androidx.work:work-runtime:2.9.0] AndroidManifest.xml:23:22-65
16    <uses-permission android:name="android.permission.RECEIVE_BOOT_COMPLETED" />
16-->[androidx.work:work-runtime:2.9.0] AndroidManifest.xml:25:5-81
16-->[androidx.work:work-runtime:2.9.0] AndroidManifest.xml:25:22-78
17    <uses-permission android:name="android.permission.FOREGROUND_SERVICE" />
17-->[androidx.work:work-runtime:2.9.0] AndroidManifest.xml:26:5-77
17-->[androidx.work:work-runtime:2.9.0] AndroidManifest.xml:26:22-74
18
19    <permission
19-->[androidx.core:core:1.12.0] AndroidManifest.xml:22:5-24:47
20        android:name="com.agroconnect.DYNAMIC_RECEIVER_NOT_EXPORTED_PERMISSION"
20-->[androidx.core:core:1.12.0] AndroidManifest.xml:23:9-81
21        android:protectionLevel="signature" />
21-->[androidx.core:core:1.12.0] AndroidManifest.xml:24:9-44
22
23    <uses-permission android:name="com.agroconnect.DYNAMIC_RECEIVER_NOT_EXPORTED_PERMISSION" />
23-->[androidx.core:core:1.12.0] AndroidManifest.xml:26:5-97
23-->[androidx.core:core:1.12.0] AndroidManifest.xml:26:22-94
24
25    <application
25-->src\main\AndroidManifest.xml:10:5-35:19
26        android:allowBackup="true"
26-->src\main\AndroidManifest.xml:11:9-35
27        android:appComponentFactory="androidx.core.app.CoreComponentFactory"
27-->[androidx.core:core:1.12.0] AndroidManifest.xml:28:18-86
28        android:debuggable="true"
29        android:extractNativeLibs="false"
30        android:icon="@drawable/ic_launcher"
30-->src\main\AndroidManifest.xml:12:9-45
31        android:label="@string/app_name"
31-->src\main\AndroidManifest.xml:13:9-41
32        android:supportsRtl="true"
32-->src\main\AndroidManifest.xml:14:9-35
33        android:theme="@style/Theme.AgroConnect"
33-->src\main\AndroidManifest.xml:16:9-49
34        android:usesCleartextTraffic="true" >
34-->src\main\AndroidManifest.xml:15:9-44
35        <activity
35-->src\main\AndroidManifest.xml:19:9-34:20
36            android:name="com.agroconnect.MainActivity"
36-->src\main\AndroidManifest.xml:20:13-41
37            android:exported="true"
37-->src\main\AndroidManifest.xml:21:13-36
38            android:theme="@style/Theme.AgroConnect" >
38-->src\main\AndroidManifest.xml:22:13-53
39            <intent-filter>
39-->src\main\AndroidManifest.xml:23:13-26:29
40                <action android:name="android.intent.action.MAIN" />
40-->src\main\AndroidManifest.xml:24:17-69
40-->src\main\AndroidManifest.xml:24:25-66
41
42                <category android:name="android.intent.category.LAUNCHER" />
42-->src\main\AndroidManifest.xml:25:17-77
42-->src\main\AndroidManifest.xml:25:27-74
43            </intent-filter>
44            <intent-filter>
44-->src\main\AndroidManifest.xml:28:13-33:29
45                <action android:name="android.intent.action.VIEW" />
45-->src\main\AndroidManifest.xml:29:17-69
45-->src\main\AndroidManifest.xml:29:25-66
46
47                <category android:name="android.intent.category.DEFAULT" />
47-->src\main\AndroidManifest.xml:30:17-76
47-->src\main\AndroidManifest.xml:30:27-73
48                <category android:name="android.intent.category.BROWSABLE" />
48-->src\main\AndroidManifest.xml:31:17-78
48-->src\main\AndroidManifest.xml:31:27-75
49
50                <data
50-->src\main\AndroidManifest.xml:32:17-80
51                    android:host="callback"
51-->src\main\AndroidManifest.xml:32:54-77
52                    android:scheme="supabase-auth" />
52-->src\main\AndroidManifest.xml:32:23-53
53            </intent-filter>
54        </activity>
55        <activity
55-->[com.google.android.gms:play-services-auth:21.0.0] AndroidManifest.xml:23:9-27:75
56            android:name="com.google.android.gms.auth.api.signin.internal.SignInHubActivity"
56-->[com.google.android.gms:play-services-auth:21.0.0] AndroidManifest.xml:24:13-93
57            android:excludeFromRecents="true"
57-->[com.google.android.gms:play-services-auth:21.0.0] AndroidManifest.xml:25:13-46
58            android:exported="false"
58-->[com.google.android.gms:play-services-auth:21.0.0] AndroidManifest.xml:26:13-37
59            android:theme="@android:style/Theme.Translucent.NoTitleBar" />
59-->[com.google.android.gms:play-services-auth:21.0.0] AndroidManifest.xml:27:13-72
60        <!--
61            Service handling Google Sign-In user revocation. For apps that do not integrate with
62            Google Sign-In, this service will never be started.
63        -->
64        <service
64-->[com.google.android.gms:play-services-auth:21.0.0] AndroidManifest.xml:33:9-37:51
65            android:name="com.google.android.gms.auth.api.signin.RevocationBoundService"
65-->[com.google.android.gms:play-services-auth:21.0.0] AndroidManifest.xml:34:13-89
66            android:exported="true"
66-->[com.google.android.gms:play-services-auth:21.0.0] AndroidManifest.xml:35:13-36
67            android:permission="com.google.android.gms.auth.api.signin.permission.REVOCATION_NOTIFICATION"
67-->[com.google.android.gms:play-services-auth:21.0.0] AndroidManifest.xml:36:13-107
68            android:visibleToInstantApps="true" />
68-->[com.google.android.gms:play-services-auth:21.0.0] AndroidManifest.xml:37:13-48
69
70        <activity
70-->[com.google.android.gms:play-services-base:18.1.0] AndroidManifest.xml:20:9-22:45
71            android:name="com.google.android.gms.common.api.GoogleApiActivity"
71-->[com.google.android.gms:play-services-base:18.1.0] AndroidManifest.xml:20:19-85
72            android:exported="false"
72-->[com.google.android.gms:play-services-base:18.1.0] AndroidManifest.xml:22:19-43
73            android:theme="@android:style/Theme.Translucent.NoTitleBar" />
73-->[com.google.android.gms:play-services-base:18.1.0] AndroidManifest.xml:21:19-78
74        <activity
74-->[androidx.compose.ui:ui-tooling-android:1.6.1] AndroidManifest.xml:23:9-25:39
75            android:name="androidx.compose.ui.tooling.PreviewActivity"
75-->[androidx.compose.ui:ui-tooling-android:1.6.1] AndroidManifest.xml:24:13-71
76            android:exported="true" />
76-->[androidx.compose.ui:ui-tooling-android:1.6.1] AndroidManifest.xml:25:13-36
77
78        <provider
78-->[androidx.work:work-runtime:2.9.0] AndroidManifest.xml:29:9-37:20
79            android:name="androidx.startup.InitializationProvider"
79-->[androidx.work:work-runtime:2.9.0] AndroidManifest.xml:30:13-67
80            android:authorities="com.agroconnect.androidx-startup"
80-->[androidx.work:work-runtime:2.9.0] AndroidManifest.xml:31:13-68
81            android:exported="false" >
81-->[androidx.work:work-runtime:2.9.0] AndroidManifest.xml:32:13-37
82            <meta-data
82-->[androidx.work:work-runtime:2.9.0] AndroidManifest.xml:34:13-36:52
83                android:name="androidx.work.WorkManagerInitializer"
83-->[androidx.work:work-runtime:2.9.0] AndroidManifest.xml:35:17-68
84                android:value="androidx.startup" />
84-->[androidx.work:work-runtime:2.9.0] AndroidManifest.xml:36:17-49
85            <meta-data
85-->[androidx.emoji2:emoji2:1.3.0] AndroidManifest.xml:29:13-31:52
86                android:name="androidx.emoji2.text.EmojiCompatInitializer"
86-->[androidx.emoji2:emoji2:1.3.0] AndroidManifest.xml:30:17-75
87                android:value="androidx.startup" />
87-->[androidx.emoji2:emoji2:1.3.0] AndroidManifest.xml:31:17-49
88            <meta-data
88-->[io.github.jan-tennert.supabase:gotrue-kt-android-debug:2.1.4] AndroidManifest.xml:14:13-16:52
89                android:name="io.github.jan.supabase.gotrue.SupabaseInitializer"
89-->[io.github.jan-tennert.supabase:gotrue-kt-android-debug:2.1.4] AndroidManifest.xml:15:17-81
90                android:value="androidx.startup" />
90-->[io.github.jan-tennert.supabase:gotrue-kt-android-debug:2.1.4] AndroidManifest.xml:16:17-49
91            <meta-data
91-->[androidx.lifecycle:lifecycle-process:2.7.0] AndroidManifest.xml:29:13-31:52
92                android:name="androidx.lifecycle.ProcessLifecycleInitializer"
92-->[androidx.lifecycle:lifecycle-process:2.7.0] AndroidManifest.xml:30:17-78
93                android:value="androidx.startup" />
93-->[androidx.lifecycle:lifecycle-process:2.7.0] AndroidManifest.xml:31:17-49
94            <meta-data
94-->[androidx.profileinstaller:profileinstaller:1.3.0] AndroidManifest.xml:29:13-31:52
95                android:name="androidx.profileinstaller.ProfileInstallerInitializer"
95-->[androidx.profileinstaller:profileinstaller:1.3.0] AndroidManifest.xml:30:17-85
96                android:value="androidx.startup" />
96-->[androidx.profileinstaller:profileinstaller:1.3.0] AndroidManifest.xml:31:17-49
97            <meta-data
97-->[com.russhwolf:multiplatform-settings-no-arg-android-debug:1.1.1] AndroidManifest.xml:29:13-31:52
98                android:name="com.russhwolf.settings.SettingsInitializer"
98-->[com.russhwolf:multiplatform-settings-no-arg-android-debug:1.1.1] AndroidManifest.xml:30:17-74
99                android:value="androidx.startup" />
99-->[com.russhwolf:multiplatform-settings-no-arg-android-debug:1.1.1] AndroidManifest.xml:31:17-49
100        </provider>
101
102        <service
102-->[androidx.work:work-runtime:2.9.0] AndroidManifest.xml:39:9-45:35
103            android:name="androidx.work.impl.background.systemalarm.SystemAlarmService"
103-->[androidx.work:work-runtime:2.9.0] AndroidManifest.xml:40:13-88
104            android:directBootAware="false"
104-->[androidx.work:work-runtime:2.9.0] AndroidManifest.xml:41:13-44
105            android:enabled="@bool/enable_system_alarm_service_default"
105-->[androidx.work:work-runtime:2.9.0] AndroidManifest.xml:42:13-72
106            android:exported="false" />
106-->[androidx.work:work-runtime:2.9.0] AndroidManifest.xml:43:13-37
107        <service
107-->[androidx.work:work-runtime:2.9.0] AndroidManifest.xml:46:9-52:35
108            android:name="androidx.work.impl.background.systemjob.SystemJobService"
108-->[androidx.work:work-runtime:2.9.0] AndroidManifest.xml:47:13-84
109            android:directBootAware="false"
109-->[androidx.work:work-runtime:2.9.0] AndroidManifest.xml:48:13-44
110            android:enabled="@bool/enable_system_job_service_default"
110-->[androidx.work:work-runtime:2.9.0] AndroidManifest.xml:49:13-70
111            android:exported="true"
111-->[androidx.work:work-runtime:2.9.0] AndroidManifest.xml:50:13-36
112            android:permission="android.permission.BIND_JOB_SERVICE" />
112-->[androidx.work:work-runtime:2.9.0] AndroidManifest.xml:51:13-69
113        <service
113-->[androidx.work:work-runtime:2.9.0] AndroidManifest.xml:53:9-59:35
114            android:name="androidx.work.impl.foreground.SystemForegroundService"
114-->[androidx.work:work-runtime:2.9.0] AndroidManifest.xml:54:13-81
115            android:directBootAware="false"
115-->[androidx.work:work-runtime:2.9.0] AndroidManifest.xml:55:13-44
116            android:enabled="@bool/enable_system_foreground_service_default"
116-->[androidx.work:work-runtime:2.9.0] AndroidManifest.xml:56:13-77
117            android:exported="false" />
117-->[androidx.work:work-runtime:2.9.0] AndroidManifest.xml:57:13-37
118
119        <receiver
119-->[androidx.work:work-runtime:2.9.0] AndroidManifest.xml:61:9-66:35
120            android:name="androidx.work.impl.utils.ForceStopRunnable$BroadcastReceiver"
120-->[androidx.work:work-runtime:2.9.0] AndroidManifest.xml:62:13-88
121            android:directBootAware="false"
121-->[androidx.work:work-runtime:2.9.0] AndroidManifest.xml:63:13-44
122            android:enabled="true"
122-->[androidx.work:work-runtime:2.9.0] AndroidManifest.xml:64:13-35
123            android:exported="false" />
123-->[androidx.work:work-runtime:2.9.0] AndroidManifest.xml:65:13-37
124        <receiver
124-->[androidx.work:work-runtime:2.9.0] AndroidManifest.xml:67:9-77:20
125            android:name="androidx.work.impl.background.systemalarm.ConstraintProxy$BatteryChargingProxy"
125-->[androidx.work:work-runtime:2.9.0] AndroidManifest.xml:68:13-106
126            android:directBootAware="false"
126-->[androidx.work:work-runtime:2.9.0] AndroidManifest.xml:69:13-44
127            android:enabled="false"
127-->[androidx.work:work-runtime:2.9.0] AndroidManifest.xml:70:13-36
128            android:exported="false" >
128-->[androidx.work:work-runtime:2.9.0] AndroidManifest.xml:71:13-37
129            <intent-filter>
129-->[androidx.work:work-runtime:2.9.0] AndroidManifest.xml:73:13-76:29
130                <action android:name="android.intent.action.ACTION_POWER_CONNECTED" />
130-->[androidx.work:work-runtime:2.9.0] AndroidManifest.xml:74:17-87
130-->[androidx.work:work-runtime:2.9.0] AndroidManifest.xml:74:25-84
131                <action android:name="android.intent.action.ACTION_POWER_DISCONNECTED" />
131-->[androidx.work:work-runtime:2.9.0] AndroidManifest.xml:75:17-90
131-->[androidx.work:work-runtime:2.9.0] AndroidManifest.xml:75:25-87
132            </intent-filter>
133        </receiver>
134        <receiver
134-->[androidx.work:work-runtime:2.9.0] AndroidManifest.xml:78:9-88:20
135            android:name="androidx.work.impl.background.systemalarm.ConstraintProxy$BatteryNotLowProxy"
135-->[androidx.work:work-runtime:2.9.0] AndroidManifest.xml:79:13-104
136            android:directBootAware="false"
136-->[androidx.work:work-runtime:2.9.0] AndroidManifest.xml:80:13-44
137            android:enabled="false"
137-->[androidx.work:work-runtime:2.9.0] AndroidManifest.xml:81:13-36
138            android:exported="false" >
138-->[androidx.work:work-runtime:2.9.0] AndroidManifest.xml:82:13-37
139            <intent-filter>
139-->[androidx.work:work-runtime:2.9.0] AndroidManifest.xml:84:13-87:29
140                <action android:name="android.intent.action.BATTERY_OKAY" />
140-->[androidx.work:work-runtime:2.9.0] AndroidManifest.xml:85:17-77
140-->[androidx.work:work-runtime:2.9.0] AndroidManifest.xml:85:25-74
141                <action android:name="android.intent.action.BATTERY_LOW" />
141-->[androidx.work:work-runtime:2.9.0] AndroidManifest.xml:86:17-76
141-->[androidx.work:work-runtime:2.9.0] AndroidManifest.xml:86:25-73
142            </intent-filter>
143        </receiver>
144        <receiver
144-->[androidx.work:work-runtime:2.9.0] AndroidManifest.xml:89:9-99:20
145            android:name="androidx.work.impl.background.systemalarm.ConstraintProxy$StorageNotLowProxy"
145-->[androidx.work:work-runtime:2.9.0] AndroidManifest.xml:90:13-104
146            android:directBootAware="false"
146-->[androidx.work:work-runtime:2.9.0] AndroidManifest.xml:91:13-44
147            android:enabled="false"
147-->[androidx.work:work-runtime:2.9.0] AndroidManifest.xml:92:13-36
148            android:exported="false" >
148-->[androidx.work:work-runtime:2.9.0] AndroidManifest.xml:93:13-37
149            <intent-filter>
149-->[androidx.work:work-runtime:2.9.0] AndroidManifest.xml:95:13-98:29
150                <action android:name="android.intent.action.DEVICE_STORAGE_LOW" />
150-->[androidx.work:work-runtime:2.9.0] AndroidManifest.xml:96:17-83
150-->[androidx.work:work-runtime:2.9.0] AndroidManifest.xml:96:25-80
151                <action android:name="android.intent.action.DEVICE_STORAGE_OK" />
151-->[androidx.work:work-runtime:2.9.0] AndroidManifest.xml:97:17-82
151-->[androidx.work:work-runtime:2.9.0] AndroidManifest.xml:97:25-79
152            </intent-filter>
153        </receiver>
154        <receiver
154-->[androidx.work:work-runtime:2.9.0] AndroidManifest.xml:100:9-109:20
155            android:name="androidx.work.impl.background.systemalarm.ConstraintProxy$NetworkStateProxy"
155-->[androidx.work:work-runtime:2.9.0] AndroidManifest.xml:101:13-103
156            android:directBootAware="false"
156-->[androidx.work:work-runtime:2.9.0] AndroidManifest.xml:102:13-44
157            android:enabled="false"
157-->[androidx.work:work-runtime:2.9.0] AndroidManifest.xml:103:13-36
158            android:exported="false" >
158-->[androidx.work:work-runtime:2.9.0] AndroidManifest.xml:104:13-37
159            <intent-filter>
159-->[androidx.work:work-runtime:2.9.0] AndroidManifest.xml:106:13-108:29
160                <action android:name="android.net.conn.CONNECTIVITY_CHANGE" />
160-->[androidx.work:work-runtime:2.9.0] AndroidManifest.xml:107:17-79
160-->[androidx.work:work-runtime:2.9.0] AndroidManifest.xml:107:25-76
161            </intent-filter>
162        </receiver>
163        <receiver
163-->[androidx.work:work-runtime:2.9.0] AndroidManifest.xml:110:9-121:20
164            android:name="androidx.work.impl.background.systemalarm.RescheduleReceiver"
164-->[androidx.work:work-runtime:2.9.0] AndroidManifest.xml:111:13-88
165            android:directBootAware="false"
165-->[androidx.work:work-runtime:2.9.0] AndroidManifest.xml:112:13-44
166            android:enabled="false"
166-->[androidx.work:work-runtime:2.9.0] AndroidManifest.xml:113:13-36
167            android:exported="false" >
167-->[androidx.work:work-runtime:2.9.0] AndroidManifest.xml:114:13-37
168            <intent-filter>
168-->[androidx.work:work-runtime:2.9.0] AndroidManifest.xml:116:13-120:29
169                <action android:name="android.intent.action.BOOT_COMPLETED" />
169-->[androidx.work:work-runtime:2.9.0] AndroidManifest.xml:117:17-79
169-->[androidx.work:work-runtime:2.9.0] AndroidManifest.xml:117:25-76
170                <action android:name="android.intent.action.TIME_SET" />
170-->[androidx.work:work-runtime:2.9.0] AndroidManifest.xml:118:17-73
170-->[androidx.work:work-runtime:2.9.0] AndroidManifest.xml:118:25-70
171                <action android:name="android.intent.action.TIMEZONE_CHANGED" />
171-->[androidx.work:work-runtime:2.9.0] AndroidManifest.xml:119:17-81
171-->[androidx.work:work-runtime:2.9.0] AndroidManifest.xml:119:25-78
172            </intent-filter>
173        </receiver>
174        <receiver
174-->[androidx.work:work-runtime:2.9.0] AndroidManifest.xml:122:9-131:20
175            android:name="androidx.work.impl.background.systemalarm.ConstraintProxyUpdateReceiver"
175-->[androidx.work:work-runtime:2.9.0] AndroidManifest.xml:123:13-99
176            android:directBootAware="false"
176-->[androidx.work:work-runtime:2.9.0] AndroidManifest.xml:124:13-44
177            android:enabled="@bool/enable_system_alarm_service_default"
177-->[androidx.work:work-runtime:2.9.0] AndroidManifest.xml:125:13-72
178            android:exported="false" >
178-->[androidx.work:work-runtime:2.9.0] AndroidManifest.xml:126:13-37
179            <intent-filter>
179-->[androidx.work:work-runtime:2.9.0] AndroidManifest.xml:128:13-130:29
180                <action android:name="androidx.work.impl.background.systemalarm.UpdateProxies" />
180-->[androidx.work:work-runtime:2.9.0] AndroidManifest.xml:129:17-98
180-->[androidx.work:work-runtime:2.9.0] AndroidManifest.xml:129:25-95
181            </intent-filter>
182        </receiver>
183        <receiver
183-->[androidx.work:work-runtime:2.9.0] AndroidManifest.xml:132:9-142:20
184            android:name="androidx.work.impl.diagnostics.DiagnosticsReceiver"
184-->[androidx.work:work-runtime:2.9.0] AndroidManifest.xml:133:13-78
185            android:directBootAware="false"
185-->[androidx.work:work-runtime:2.9.0] AndroidManifest.xml:134:13-44
186            android:enabled="true"
186-->[androidx.work:work-runtime:2.9.0] AndroidManifest.xml:135:13-35
187            android:exported="true"
187-->[androidx.work:work-runtime:2.9.0] AndroidManifest.xml:136:13-36
188            android:permission="android.permission.DUMP" >
188-->[androidx.work:work-runtime:2.9.0] AndroidManifest.xml:137:13-57
189            <intent-filter>
189-->[androidx.work:work-runtime:2.9.0] AndroidManifest.xml:139:13-141:29
190                <action android:name="androidx.work.diagnostics.REQUEST_DIAGNOSTICS" />
190-->[androidx.work:work-runtime:2.9.0] AndroidManifest.xml:140:17-88
190-->[androidx.work:work-runtime:2.9.0] AndroidManifest.xml:140:25-85
191            </intent-filter>
192        </receiver>
193
194        <service
194-->[androidx.room:room-runtime:2.6.1] AndroidManifest.xml:24:9-28:63
195            android:name="androidx.room.MultiInstanceInvalidationService"
195-->[androidx.room:room-runtime:2.6.1] AndroidManifest.xml:25:13-74
196            android:directBootAware="true"
196-->[androidx.room:room-runtime:2.6.1] AndroidManifest.xml:26:13-43
197            android:exported="false" />
197-->[androidx.room:room-runtime:2.6.1] AndroidManifest.xml:27:13-37
198
199        <uses-library
199-->[androidx.window:window:1.0.0] AndroidManifest.xml:25:9-27:40
200            android:name="androidx.window.extensions"
200-->[androidx.window:window:1.0.0] AndroidManifest.xml:26:13-54
201            android:required="false" />
201-->[androidx.window:window:1.0.0] AndroidManifest.xml:27:13-37
202        <uses-library
202-->[androidx.window:window:1.0.0] AndroidManifest.xml:28:9-30:40
203            android:name="androidx.window.sidecar"
203-->[androidx.window:window:1.0.0] AndroidManifest.xml:29:13-51
204            android:required="false" />
204-->[androidx.window:window:1.0.0] AndroidManifest.xml:30:13-37
205
206        <meta-data
206-->[com.google.android.gms:play-services-basement:18.2.0] AndroidManifest.xml:21:9-23:69
207            android:name="com.google.android.gms.version"
207-->[com.google.android.gms:play-services-basement:18.2.0] AndroidManifest.xml:22:13-58
208            android:value="@integer/google_play_services_version" />
208-->[com.google.android.gms:play-services-basement:18.2.0] AndroidManifest.xml:23:13-66
209
210        <activity
210-->[androidx.compose.ui:ui-test-manifest:1.6.1] AndroidManifest.xml:23:9-25:39
211            android:name="androidx.activity.ComponentActivity"
211-->[androidx.compose.ui:ui-test-manifest:1.6.1] AndroidManifest.xml:24:13-63
212            android:exported="true" />
212-->[androidx.compose.ui:ui-test-manifest:1.6.1] AndroidManifest.xml:25:13-36
213
214        <receiver
214-->[androidx.profileinstaller:profileinstaller:1.3.0] AndroidManifest.xml:34:9-52:20
215            android:name="androidx.profileinstaller.ProfileInstallReceiver"
215-->[androidx.profileinstaller:profileinstaller:1.3.0] AndroidManifest.xml:35:13-76
216            android:directBootAware="false"
216-->[androidx.profileinstaller:profileinstaller:1.3.0] AndroidManifest.xml:36:13-44
217            android:enabled="true"
217-->[androidx.profileinstaller:profileinstaller:1.3.0] AndroidManifest.xml:37:13-35
218            android:exported="true"
218-->[androidx.profileinstaller:profileinstaller:1.3.0] AndroidManifest.xml:38:13-36
219            android:permission="android.permission.DUMP" >
219-->[androidx.profileinstaller:profileinstaller:1.3.0] AndroidManifest.xml:39:13-57
220            <intent-filter>
220-->[androidx.profileinstaller:profileinstaller:1.3.0] AndroidManifest.xml:40:13-42:29
221                <action android:name="androidx.profileinstaller.action.INSTALL_PROFILE" />
221-->[androidx.profileinstaller:profileinstaller:1.3.0] AndroidManifest.xml:41:17-91
221-->[androidx.profileinstaller:profileinstaller:1.3.0] AndroidManifest.xml:41:25-88
222            </intent-filter>
223            <intent-filter>
223-->[androidx.profileinstaller:profileinstaller:1.3.0] AndroidManifest.xml:43:13-45:29
224                <action android:name="androidx.profileinstaller.action.SKIP_FILE" />
224-->[androidx.profileinstaller:profileinstaller:1.3.0] AndroidManifest.xml:44:17-85
224-->[androidx.profileinstaller:profileinstaller:1.3.0] AndroidManifest.xml:44:25-82
225            </intent-filter>
226            <intent-filter>
226-->[androidx.profileinstaller:profileinstaller:1.3.0] AndroidManifest.xml:46:13-48:29
227                <action android:name="androidx.profileinstaller.action.SAVE_PROFILE" />
227-->[androidx.profileinstaller:profileinstaller:1.3.0] AndroidManifest.xml:47:17-88
227-->[androidx.profileinstaller:profileinstaller:1.3.0] AndroidManifest.xml:47:25-85
228            </intent-filter>
229            <intent-filter>
229-->[androidx.profileinstaller:profileinstaller:1.3.0] AndroidManifest.xml:49:13-51:29
230                <action android:name="androidx.profileinstaller.action.BENCHMARK_OPERATION" />
230-->[androidx.profileinstaller:profileinstaller:1.3.0] AndroidManifest.xml:50:17-95
230-->[androidx.profileinstaller:profileinstaller:1.3.0] AndroidManifest.xml:50:25-92
231            </intent-filter>
232        </receiver>
233    </application>
234
235</manifest>